Base path: D:/software/Unity4.6.9/Editor/Data
Pipe name: \\.\pipe\UnityShaderCompiler-1-5056
Cmd: getPlatforms
Cmd: preprocess
  insize=438 outsize=1184 ok=1
Cmd: compileSnippet
  api=4 type=0 insize=4216 outsize=2607 kw=DIRECTIONAL SHADOWS_OFF LIGHTMAP_OFF DIRLIGHTMAP_OFF ok=1
Cmd: compileSnippet
  api=4 type=1 insize=4216 outsize=1242 kw=DIRECTIONAL SHADOWS_OFF LIGHTMAP_OFF DIRLIGHTMAP_OFF ok=1
Cmd: compileSnippet
  api=4 type=0 insize=2255 outsize=2875 kw=POINT ok=1
Cmd: compileSnippet
  api=4 type=1 insize=2255 outsize=1542 kw=POINT ok=1
Cmd: compileSnippet
  api=4 type=0 insize=1783 outsize=1477 kw= ok=1
Cmd: compileSnippet
  api=4 type=1 insize=1783 outsize=632 kw= ok=1
Cmd: compileSnippet
  api=4 type=0 insize=3968 outsize=2883 kw=LIGHTMAP_OFF DIRLIGHTMAP_OFF HDR_LIGHT_PREPASS_OFF ok=1
Cmd: compileSnippet
  api=4 type=1 insize=3968 outsize=1152 kw=LIGHTMAP_OFF DIRLIGHTMAP_OFF HDR_LIGHT_PREPASS_OFF ok=1
Cmd: preprocess
  insize=438 outsize=1184 ok=1
Cmd: preprocess
  insize=2180 outsize=664 ok=1
Cmd: compileSnippet
  error: 2 plat 4 at (50): redefinition of 'v2f'
  api=4 type=0 insize=1759 outsize=0 kw=SOFTPARTICLES_OFF ok=0
Cmd: preprocess
  insize=2179 outsize=663 ok=1
Cmd: compileSnippet
  error: 2 plat 4 at (50): redefinition of 'v2f'
  api=4 type=0 insize=1759 outsize=0 kw=SOFTPARTICLES_OFF ok=0
Cmd: preprocess
  insize=2180 outsize=662 ok=1
Cmd: compileSnippet
  error: 2 plat 4 at (50): unrecognized identifier 'appdate_t'
  api=4 type=0 insize=1760 outsize=0 kw=SOFTPARTICLES_OFF ok=0
Cmd: preprocess
  insize=2180 outsize=663 ok=1
Cmd: compileSnippet
  error: 1 plat 4 at (54): implicit truncation of vector type
  error: 1 plat 4 at (56): implicit truncation of vector type
  error: 2 plat 4 at (64): undeclared identifier 'V'
  api=4 type=0 insize=1760 outsize=0 kw=SOFTPARTICLES_OFF ok=0
Cmd: preprocess
  insize=2180 outsize=663 ok=1
Cmd: compileSnippet
  api=4 type=0 insize=1760 outsize=1778 kw=SOFTPARTICLES_OFF ok=1
Cmd: compileSnippet
  api=4 type=1 insize=1760 outsize=908 kw=SOFTPARTICLES_OFF ok=1
Cmd: preprocess
  insize=2438 outsize=736 ok=1
Cmd: compileSnippet
  api=4 type=0 insize=2004 outsize=1778 kw=SOFTPARTICLES_OFF ok=1
Cmd: compileSnippet
  api=4 type=1 insize=2004 outsize=908 kw=SOFTPARTICLES_OFF ok=1
Cmd: preprocess
  insize=2184 outsize=667 ok=1
Cmd: preprocess
  insize=2184 outsize=667 ok=1
